2014/11/15 02:50:07 [error] [exception.CDbException] exception 'CDbException' with message 'CDbConnection failed to open the DB connection: SQLSTATE[42000] [1049] Unknown database 'testdrive'' in C:\wamp\www\framework\db\CDbConnection.php:382
Stack trace:
#0 C:\wamp\www\framework\db\CDbConnection.php(330): CDbConnection->open()
#1 C:\wamp\www\framework\db\CDbConnection.php(308): CDbConnection->setActive(true)
#2 C:\wamp\www\framework\base\CModule.php(387): CDbConnection->init()
#3 C:\wamp\www\framework\cli\commands\MigrateCommand.php(442): CModule->getComponent('db')
#4 C:\wamp\www\framework\cli\commands\MigrateCommand.php(451): MigrateCommand->getDbConnection()
#5 C:\wamp\www\framework\cli\commands\MigrateCommand.php(482): MigrateCommand->getMigrationHistory(-1)
#6 C:\wamp\www\framework\cli\commands\MigrateCommand.php(84): MigrateCommand->getNewMigrations()
#7 [internal function]: MigrateCommand->actionUp(Array)
#8 C:\wamp\www\framework\console\CConsoleCommand.php(172): ReflectionMethod->invokeArgs(Object(MigrateCommand), Array)
#9 C:\wamp\www\framework\console\CConsoleCommandRunner.php(71): CConsoleCommand->run(Array)
#10 C:\wamp\www\framework\console\CConsoleApplication.php(92): CConsoleCommandRunner->run(Array)
#11 C:\wamp\www\framework\base\CApplication.php(180): CConsoleApplication->processRequest()
#12 C:\wamp\www\framework\yiic.php(33): CApplication->run()
#13 C:\wamp\www\protected\yiic.php(7): require_once('C:\wamp\www\fra...')
#14 {main}
---
2014/11/15 02:54:07 [error] [system.db.CDbCommand] CDbCommand::fetchAll() failed: SQLSTATE[42S02]: Base table or view not found: 1146 Table 'hackdb.tbl_migration' doesn't exist. The SQL statement executed was: SHOW FULL COLUMNS FROM `tbl_migration`.
2014/11/15 03:02:00 [error] [system.db.CDbCommand] CDbCommand::execute() failed: SQLSTATE[42000]: Syntax error or access violation: 1064 You have an error in your SQL syntax; check the manual that corresponds to your MySQL server version for the right syntax to use near ''Julia', '1a1dc91c907325c69271ddf0c944bc72', 'julia.dzikovich@gmail.com'),' at line 2. The SQL statement executed was: INSERT INTO user (name, password, email)
  		('Julia', '1a1dc91c907325c69271ddf0c944bc72', 'julia.dzikovich@gmail.com'),
  		.
2014/11/15 03:02:00 [error] [exception.CDbException] exception 'CDbException' with message 'CDbCommand failed to execute the SQL statement: SQLSTATE[42000]: Syntax error or access violation: 1064 You have an error in your SQL syntax; check the manual that corresponds to your MySQL server version for the right syntax to use near ''Julia', '1a1dc91c907325c69271ddf0c944bc72', 'julia.dzikovich@gmail.com'),' at line 2. The SQL statement executed was: INSERT INTO user (name, password, email)
  		('Julia', '1a1dc91c907325c69271ddf0c944bc72', 'julia.dzikovich@gmail.com'),
  		' in C:\wamp\www\framework\db\CDbCommand.php:358
Stack trace:
#0 C:\wamp\www\framework\db\CDbMigration.php(164): CDbCommand->execute(Array)
#1 C:\wamp\www\protected\migrations\m141115_104812_init_migration.php(20): CDbMigration->execute('INSERT INTO use...')
#2 C:\wamp\www\framework\cli\commands\MigrateCommand.php(385): m141115_104812_init_migration->up()
#3 C:\wamp\www\framework\cli\commands\MigrateCommand.php(109): MigrateCommand->migrateUp('m141115_104812_...')
#4 [internal function]: MigrateCommand->actionUp(Array)
#5 C:\wamp\www\framework\console\CConsoleCommand.php(172): ReflectionMethod->invokeArgs(Object(MigrateCommand), Array)
#6 C:\wamp\www\framework\console\CConsoleCommandRunner.php(71): CConsoleCommand->run(Array)
#7 C:\wamp\www\framework\console\CConsoleApplication.php(92): CConsoleCommandRunner->run(Array)
#8 C:\wamp\www\framework\base\CApplication.php(180): CConsoleApplication->processRequest()
#9 C:\wamp\www\framework\yiic.php(33): CApplication->run()
#10 C:\wamp\www\protected\yiic.php(7): require_once('C:\wamp\www\fra...')
#11 {main}
---
2014/11/15 03:02:29 [error] [system.db.CDbCommand] CDbCommand::execute() failed: SQLSTATE[42000]: Syntax error or access violation: 1064 You have an error in your SQL syntax; check the manual that corresponds to your MySQL server version for the right syntax to use near 'AUTOINCREMENT,
  `name` VARCHAR(60) NOT NULL ,
  `password` VARCHAR(60) NOT NULL' at line 2. The SQL statement executed was: CREATE  TABLE `user` (
  `id` INT NOT NULL AUTOINCREMENT,
  `name` VARCHAR(60) NOT NULL ,
  `password` VARCHAR(60) NOT NULL ,
  `email` VARCHAR(60) NOT NULL ,
  PRIMARY KEY (`id`) );.
2014/11/15 03:02:29 [error] [exception.CDbException] exception 'CDbException' with message 'CDbCommand failed to execute the SQL statement: SQLSTATE[42000]: Syntax error or access violation: 1064 You have an error in your SQL syntax; check the manual that corresponds to your MySQL server version for the right syntax to use near 'AUTOINCREMENT,
  `name` VARCHAR(60) NOT NULL ,
  `password` VARCHAR(60) NOT NULL' at line 2. The SQL statement executed was: CREATE  TABLE `user` (
  `id` INT NOT NULL AUTOINCREMENT,
  `name` VARCHAR(60) NOT NULL ,
  `password` VARCHAR(60) NOT NULL ,
  `email` VARCHAR(60) NOT NULL ,
  PRIMARY KEY (`id`) );' in C:\wamp\www\framework\db\CDbCommand.php:358
Stack trace:
#0 C:\wamp\www\framework\db\CDbMigration.php(164): CDbCommand->execute(Array)
#1 C:\wamp\www\protected\migrations\m141115_104812_init_migration.php(14): CDbMigration->execute('CREATE  TABLE `...')
#2 C:\wamp\www\framework\cli\commands\MigrateCommand.php(385): m141115_104812_init_migration->up()
#3 C:\wamp\www\framework\cli\commands\MigrateCommand.php(109): MigrateCommand->migrateUp('m141115_104812_...')
#4 [internal function]: MigrateCommand->actionUp(Array)
#5 C:\wamp\www\framework\console\CConsoleCommand.php(172): ReflectionMethod->invokeArgs(Object(MigrateCommand), Array)
#6 C:\wamp\www\framework\console\CConsoleCommandRunner.php(71): CConsoleCommand->run(Array)
#7 C:\wamp\www\framework\console\CConsoleApplication.php(92): CConsoleCommandRunner->run(Array)
#8 C:\wamp\www\framework\base\CApplication.php(180): CConsoleApplication->processRequest()
#9 C:\wamp\www\framework\yiic.php(33): CApplication->run()
#10 C:\wamp\www\protected\yiic.php(7): require_once('C:\wamp\www\fra...')
#11 {main}
---
2014/11/15 03:03:10 [error] [system.db.CDbCommand] CDbCommand::execute() failed: SQLSTATE[42000]: Syntax error or access violation: 1064 You have an error in your SQL syntax; check the manual that corresponds to your MySQL server version for the right syntax to use near ''Julia', '1a1dc91c907325c69271ddf0c944bc72', 'julia.dzikovich@gmail.com'),' at line 2. The SQL statement executed was: INSERT INTO user (name, password, email)
  		('Julia', '1a1dc91c907325c69271ddf0c944bc72', 'julia.dzikovich@gmail.com'),
  		.
2014/11/15 03:03:10 [error] [exception.CDbException] exception 'CDbException' with message 'CDbCommand failed to execute the SQL statement: SQLSTATE[42000]: Syntax error or access violation: 1064 You have an error in your SQL syntax; check the manual that corresponds to your MySQL server version for the right syntax to use near ''Julia', '1a1dc91c907325c69271ddf0c944bc72', 'julia.dzikovich@gmail.com'),' at line 2. The SQL statement executed was: INSERT INTO user (name, password, email)
  		('Julia', '1a1dc91c907325c69271ddf0c944bc72', 'julia.dzikovich@gmail.com'),
  		' in C:\wamp\www\framework\db\CDbCommand.php:358
Stack trace:
#0 C:\wamp\www\framework\db\CDbMigration.php(164): CDbCommand->execute(Array)
#1 C:\wamp\www\protected\migrations\m141115_104812_init_migration.php(20): CDbMigration->execute('INSERT INTO use...')
#2 C:\wamp\www\framework\cli\commands\MigrateCommand.php(385): m141115_104812_init_migration->up()
#3 C:\wamp\www\framework\cli\commands\MigrateCommand.php(109): MigrateCommand->migrateUp('m141115_104812_...')
#4 [internal function]: MigrateCommand->actionUp(Array)
#5 C:\wamp\www\framework\console\CConsoleCommand.php(172): ReflectionMethod->invokeArgs(Object(MigrateCommand), Array)
#6 C:\wamp\www\framework\console\CConsoleCommandRunner.php(71): CConsoleCommand->run(Array)
#7 C:\wamp\www\framework\console\CConsoleApplication.php(92): CConsoleCommandRunner->run(Array)
#8 C:\wamp\www\framework\base\CApplication.php(180): CConsoleApplication->processRequest()
#9 C:\wamp\www\framework\yiic.php(33): CApplication->run()
#10 C:\wamp\www\protected\yiic.php(7): require_once('C:\wamp\www\fra...')
#11 {main}
---
2014/11/15 03:03:38 [error] [system.db.CDbCommand] CDbCommand::execute() failed: SQLSTATE[42000]: Syntax error or access violation: 1064 You have an error in your SQL syntax; check the manual that corresponds to your MySQL server version for the right syntax to use near ''Julia', '1a1dc91c907325c69271ddf0c944bc72', 'julia.dzikovich@gmail.com')' at line 2. The SQL statement executed was: INSERT INTO user (name, password, email)
  		('Julia', '1a1dc91c907325c69271ddf0c944bc72', 'julia.dzikovich@gmail.com').
2014/11/15 03:03:38 [error] [exception.CDbException] exception 'CDbException' with message 'CDbCommand failed to execute the SQL statement: SQLSTATE[42000]: Syntax error or access violation: 1064 You have an error in your SQL syntax; check the manual that corresponds to your MySQL server version for the right syntax to use near ''Julia', '1a1dc91c907325c69271ddf0c944bc72', 'julia.dzikovich@gmail.com')' at line 2. The SQL statement executed was: INSERT INTO user (name, password, email)
  		('Julia', '1a1dc91c907325c69271ddf0c944bc72', 'julia.dzikovich@gmail.com')' in C:\wamp\www\framework\db\CDbCommand.php:358
Stack trace:
#0 C:\wamp\www\framework\db\CDbMigration.php(164): CDbCommand->execute(Array)
#1 C:\wamp\www\protected\migrations\m141115_104812_init_migration.php(19): CDbMigration->execute('INSERT INTO use...')
#2 C:\wamp\www\framework\cli\commands\MigrateCommand.php(385): m141115_104812_init_migration->up()
#3 C:\wamp\www\framework\cli\commands\MigrateCommand.php(109): MigrateCommand->migrateUp('m141115_104812_...')
#4 [internal function]: MigrateCommand->actionUp(Array)
#5 C:\wamp\www\framework\console\CConsoleCommand.php(172): ReflectionMethod->invokeArgs(Object(MigrateCommand), Array)
#6 C:\wamp\www\framework\console\CConsoleCommandRunner.php(71): CConsoleCommand->run(Array)
#7 C:\wamp\www\framework\console\CConsoleApplication.php(92): CConsoleCommandRunner->run(Array)
#8 C:\wamp\www\framework\base\CApplication.php(180): CConsoleApplication->processRequest()
#9 C:\wamp\www\framework\yiic.php(33): CApplication->run()
#10 C:\wamp\www\protected\yiic.php(7): require_once('C:\wamp\www\fra...')
#11 {main}
---
2014/11/15 11:26:11 [error] [exception.CHttpException.403] exception 'CHttpException' with message 'You are not authorized to perform this action.' in C:\wamp\www\framework\web\auth\CAccessControlFilter.php:182
Stack trace:
#0 C:\wamp\www\framework\web\auth\CAccessControlFilter.php(145): CAccessControlFilter->accessDenied(Object(CWebUser), 'You are not aut...')
#1 C:\wamp\www\framework\web\filters\CFilter.php(38): CAccessControlFilter->preFilter(Object(CFilterChain))
#2 C:\wamp\www\framework\web\CController.php(1145): CFilter->filter(Object(CFilterChain))
#3 C:\wamp\www\framework\web\filters\CInlineFilter.php(58): CController->filterAccessControl(Object(CFilterChain))
#4 C:\wamp\www\framework\web\filters\CFilterChain.php(130): CInlineFilter->filter(Object(CFilterChain))
#5 C:\wamp\www\framework\web\CController.php(291): CFilterChain->run()
#6 C:\wamp\www\framework\web\CController.php(265): CController->runActionWithFilters(Object(CInlineAction), Array)
#7 C:\wamp\www\framework\web\CWebApplication.php(282): CController->run('admin')
#8 C:\wamp\www\framework\web\CWebApplication.php(141): CWebApplication->runController('company/admin')
#9 C:\wamp\www\framework\base\CApplication.php(180): CWebApplication->processRequest()
#10 C:\wamp\www\index.php(13): CApplication->run()
#11 {main}
REQUEST_URI=/index.php?r=company/admin
HTTP_REFERER=http://localhost/index.php?r=company/create
---
2014/11/15 11:26:18 [error] [exception.CHttpException.403] exception 'CHttpException' with message 'You are not authorized to perform this action.' in C:\wamp\www\framework\web\auth\CAccessControlFilter.php:182
Stack trace:
#0 C:\wamp\www\framework\web\auth\CAccessControlFilter.php(145): CAccessControlFilter->accessDenied(Object(CWebUser), 'You are not aut...')
#1 C:\wamp\www\framework\web\filters\CFilter.php(38): CAccessControlFilter->preFilter(Object(CFilterChain))
#2 C:\wamp\www\framework\web\CController.php(1145): CFilter->filter(Object(CFilterChain))
#3 C:\wamp\www\framework\web\filters\CInlineFilter.php(58): CController->filterAccessControl(Object(CFilterChain))
#4 C:\wamp\www\framework\web\filters\CFilterChain.php(130): CInlineFilter->filter(Object(CFilterChain))
#5 C:\wamp\www\framework\web\CController.php(291): CFilterChain->run()
#6 C:\wamp\www\framework\web\CController.php(265): CController->runActionWithFilters(Object(CInlineAction), Array)
#7 C:\wamp\www\framework\web\CWebApplication.php(282): CController->run('admin')
#8 C:\wamp\www\framework\web\CWebApplication.php(141): CWebApplication->runController('company/admin')
#9 C:\wamp\www\framework\base\CApplication.php(180): CWebApplication->processRequest()
#10 C:\wamp\www\index.php(13): CApplication->run()
#11 {main}
REQUEST_URI=/index.php?r=company/admin
HTTP_REFERER=http://localhost/index.php?r=company/create
---
2014/11/15 11:30:35 [error] [exception.CException] exception 'CException' with message 'Property "CWebUser.attributes" is not defined.' in C:\wamp\www\framework\base\CComponent.php:130
Stack trace:
#0 C:\wamp\www\framework\web\auth\CWebUser.php(146): CComponent->__get('attributes')
#1 C:\wamp\www\protected\views\company\index.php(5): CWebUser->__get('attributes')
#2 C:\wamp\www\framework\web\CBaseController.php(126): require('C:\wamp\www\pro...')
#3 C:\wamp\www\framework\web\CBaseController.php(95): CBaseController->renderInternal('C:\wamp\www\pro...', Array, true)
#4 C:\wamp\www\framework\web\CController.php(869): CBaseController->renderFile('C:\wamp\www\pro...', Array, true)
#5 C:\wamp\www\framework\web\CController.php(782): CController->renderPartial('index', Array, true)
#6 C:\wamp\www\protected\controllers\CompanyController.php(129): CController->render('index', Array)
#7 C:\wamp\www\framework\web\actions\CInlineAction.php(49): CompanyController->actionIndex()
#8 C:\wamp\www\framework\web\CController.php(308): CInlineAction->runWithParams(Array)
#9 C:\wamp\www\framework\web\filters\CFilterChain.php(133): CController->runAction(Object(CInlineAction))
#10 C:\wamp\www\framework\web\filters\CFilter.php(40): CFilterChain->run()
#11 C:\wamp\www\framework\web\CController.php(1145): CFilter->filter(Object(CFilterChain))
#12 C:\wamp\www\framework\web\filters\CInlineFilter.php(58): CController->filterAccessControl(Object(CFilterChain))
#13 C:\wamp\www\framework\web\filters\CFilterChain.php(130): CInlineFilter->filter(Object(CFilterChain))
#14 C:\wamp\www\framework\web\CController.php(291): CFilterChain->run()
#15 C:\wamp\www\framework\web\CController.php(265): CController->runActionWithFilters(Object(CInlineAction), Array)
#16 C:\wamp\www\framework\web\CWebApplication.php(282): CController->run('')
#17 C:\wamp\www\framework\web\CWebApplication.php(141): CWebApplication->runController('company')
#18 C:\wamp\www\framework\base\CApplication.php(180): CWebApplication->processRequest()
#19 C:\wamp\www\index.php(13): CApplication->run()
#20 {main}
REQUEST_URI=/index.php?r=company
---
2014/11/15 11:36:30 [error] [exception.CHttpException.403] exception 'CHttpException' with message 'You are not authorized to perform this action.' in C:\wamp\www\framework\web\auth\CAccessControlFilter.php:182
Stack trace:
#0 C:\wamp\www\framework\web\auth\CAccessControlFilter.php(145): CAccessControlFilter->accessDenied(Object(CWebUser), 'You are not aut...')
#1 C:\wamp\www\framework\web\filters\CFilter.php(38): CAccessControlFilter->preFilter(Object(CFilterChain))
#2 C:\wamp\www\framework\web\CController.php(1145): CFilter->filter(Object(CFilterChain))
#3 C:\wamp\www\framework\web\filters\CInlineFilter.php(58): CController->filterAccessControl(Object(CFilterChain))
#4 C:\wamp\www\framework\web\filters\CFilterChain.php(130): CInlineFilter->filter(Object(CFilterChain))
#5 C:\wamp\www\framework\web\CController.php(291): CFilterChain->run()
#6 C:\wamp\www\framework\web\CController.php(265): CController->runActionWithFilters(Object(CInlineAction), Array)
#7 C:\wamp\www\framework\web\CWebApplication.php(282): CController->run('admin')
#8 C:\wamp\www\framework\web\CWebApplication.php(141): CWebApplication->runController('company/admin')
#9 C:\wamp\www\framework\base\CApplication.php(180): CWebApplication->processRequest()
#10 C:\wamp\www\index.php(13): CApplication->run()
#11 {main}
REQUEST_URI=/index.php?r=company/admin
HTTP_REFERER=http://localhost/index.php?r=company/index
---
2014/11/15 11:41:01 [error] [exception.CHttpException.403] exception 'CHttpException' with message 'You are not authorized to perform this action.' in C:\wamp\www\framework\web\auth\CAccessControlFilter.php:182
Stack trace:
#0 C:\wamp\www\framework\web\auth\CAccessControlFilter.php(145): CAccessControlFilter->accessDenied(Object(CWebUser), 'You are not aut...')
#1 C:\wamp\www\framework\web\filters\CFilter.php(38): CAccessControlFilter->preFilter(Object(CFilterChain))
#2 C:\wamp\www\framework\web\CController.php(1145): CFilter->filter(Object(CFilterChain))
#3 C:\wamp\www\framework\web\filters\CInlineFilter.php(58): CController->filterAccessControl(Object(CFilterChain))
#4 C:\wamp\www\framework\web\filters\CFilterChain.php(130): CInlineFilter->filter(Object(CFilterChain))
#5 C:\wamp\www\framework\web\CController.php(291): CFilterChain->run()
#6 C:\wamp\www\framework\web\CController.php(265): CController->runActionWithFilters(Object(CInlineAction), Array)
#7 C:\wamp\www\framework\web\CWebApplication.php(282): CController->run('admin')
#8 C:\wamp\www\framework\web\CWebApplication.php(141): CWebApplication->runController('company/admin')
#9 C:\wamp\www\framework\base\CApplication.php(180): CWebApplication->processRequest()
#10 C:\wamp\www\index.php(13): CApplication->run()
#11 {main}
REQUEST_URI=/index.php?r=company/admin
HTTP_REFERER=http://localhost/index.php?r=company
---
2014/11/15 15:22:59 [error] [exception.CException] exception 'CException' with message 'Property "Company.className" is not defined.' in C:\wamp\www\framework\base\CComponent.php:130
Stack trace:
#0 C:\wamp\www\framework\db\ar\CActiveRecord.php(145): CComponent->__get('className')
#1 C:\wamp\www\framework\db\ar\CActiveFinder.php(230): CActiveRecord->__get('className')
#2 C:\wamp\www\framework\db\ar\CActiveFinder.php(48): CActiveFinder->buildJoinTree(Object(CJoinElement), 'Company')
#3 C:\wamp\www\framework\db\ar\CActiveRecord.php(909): CActiveFinder->__construct(Object(Job), 'Company')
#4 C:\wamp\www\framework\db\ar\CActiveRecord.php(1355): CActiveRecord->getActiveFinder('Company')
#5 C:\wamp\www\framework\db\ar\CActiveRecord.php(1470): CActiveRecord->query(Object(CDbCriteria), true)
#6 C:\wamp\www\protected\controllers\JobController.php(132): CActiveRecord->findAll(Array)
#7 C:\wamp\www\framework\web\actions\CInlineAction.php(49): JobController->actionIndex()
#8 C:\wamp\www\framework\web\CController.php(308): CInlineAction->runWithParams(Array)
#9 C:\wamp\www\framework\web\filters\CFilterChain.php(133): CController->runAction(Object(CInlineAction))
#10 C:\wamp\www\framework\web\filters\CFilter.php(40): CFilterChain->run()
#11 C:\wamp\www\framework\web\CController.php(1145): CFilter->filter(Object(CFilterChain))
#12 C:\wamp\www\framework\web\filters\CInlineFilter.php(58): CController->filterAccessControl(Object(CFilterChain))
#13 C:\wamp\www\framework\web\filters\CFilterChain.php(130): CInlineFilter->filter(Object(CFilterChain))
#14 C:\wamp\www\framework\web\CController.php(291): CFilterChain->run()
#15 C:\wamp\www\framework\web\CController.php(265): CController->runActionWithFilters(Object(CInlineAction), Array)
#16 C:\wamp\www\framework\web\CWebApplication.php(282): CController->run('index')
#17 C:\wamp\www\framework\web\CWebApplication.php(141): CWebApplication->runController('job/index')
#18 C:\wamp\www\framework\base\CApplication.php(180): CWebApplication->processRequest()
#19 C:\wamp\www\index.php(13): CApplication->run()
#20 {main}
REQUEST_URI=/
---
